Determining if the pthread_create exist failed with the following output:
Change Dir: /home/pubudu/catkin_new/build/CMakeFiles/CMakeTmp

Run Build Command:"/usr/bin/make" "cmTC_a6fcc/fast"
/usr/bin/make -f CMakeFiles/cmTC_a6fcc.dir/build.make CMakeFiles/cmTC_a6fcc.dir/build
make[1]: Entering directory '/home/pubudu/catkin_new/build/CMakeFiles/CMakeTmp'
Building C object CMakeFiles/cmTC_a6fcc.dir/CheckSymbolExists.c.o
/usr/bin/cc    -o CMakeFiles/cmTC_a6fcc.dir/CheckSymbolExists.c.o   -c /home/pubudu/catkin_new/build/CMakeFiles/CMakeTmp/CheckSymbolExists.c
Linking C executable cmTC_a6fcc
/usr/bin/cmake -E cmake_link_script CMakeFiles/cmTC_a6fcc.dir/link.txt --verbose=1
/usr/bin/cc      -rdynamic CMakeFiles/cmTC_a6fcc.dir/CheckSymbolExists.c.o  -o cmTC_a6fcc 
CMakeFiles/cmTC_a6fcc.dir/CheckSymbolExists.c.o: In function `main':
CheckSymbolExists.c:(.text+0x1b): undefined reference to `pthread_create'
collect2: error: ld returned 1 exit status
CMakeFiles/cmTC_a6fcc.dir/build.make:97: recipe for target 'cmTC_a6fcc' failed
make[1]: *** [cmTC_a6fcc] Error 1
make[1]: Leaving directory '/home/pubudu/catkin_new/build/CMakeFiles/CMakeTmp'
Makefile:126: recipe for target 'cmTC_a6fcc/fast' failed
make: *** [cmTC_a6fcc/fast] Error 2

File /home/pubudu/catkin_new/build/CMakeFiles/CMakeTmp/CheckSymbolExists.c:
/* */
#include <pthread.h>

int main(int argc, char** argv)
{
  (void)argv;
#ifndef pthread_create
  return ((int*)(&pthread_create))[argc];
#else
  (void)argc;
  return 0;
#endif
}

Determining if the function pthread_create exists in the pthreads failed with the following output:
Change Dir: /home/pubudu/catkin_new/build/CMakeFiles/CMakeTmp

Run Build Command:"/usr/bin/make" "cmTC_ee481/fast"
/usr/bin/make -f CMakeFiles/cmTC_ee481.dir/build.make CMakeFiles/cmTC_ee481.dir/build
make[1]: Entering directory '/home/pubudu/catkin_new/build/CMakeFiles/CMakeTmp'
Building C object CMakeFiles/cmTC_ee481.dir/CheckFunctionExists.c.o
/usr/bin/cc   -DCHECK_FUNCTION_EXISTS=pthread_create   -o CMakeFiles/cmTC_ee481.dir/CheckFunctionExists.c.o   -c /usr/share/cmake-3.10/Modules/CheckFunctionExists.c
Linking C executable cmTC_ee481
/usr/bin/cmake -E cmake_link_script CMakeFiles/cmTC_ee481.dir/link.txt --verbose=1
/usr/bin/cc  -DCHECK_FUNCTION_EXISTS=pthread_create    -rdynamic CMakeFiles/cmTC_ee481.dir/CheckFunctionExists.c.o  -o cmTC_ee481 -lpthreads 
/usr/bin/ld: cannot find -lpthreads
collect2: error: ld returned 1 exit status
CMakeFiles/cmTC_ee481.dir/build.make:97: recipe for target 'cmTC_ee481' failed
make[1]: *** [cmTC_ee481] Error 1
make[1]: Leaving directory '/home/pubudu/catkin_new/build/CMakeFiles/CMakeTmp'
Makefile:126: recipe for target 'cmTC_ee481/fast' failed
make: *** [cmTC_ee481/fast] Error 2


